<?xml version="1.0" encoding="UTF-8"?>
<!-- Generated by org.testng.reporters.JUnitReportReporter -->
<testsuite hostname="DESKTOP-O29OAAI" failures="0" tests="1" name="testCases.TC002_LoginTest" time="2.475" errors="0" timestamp="2024-11-02T16:39:58 IST" skipped="0">
  <testcase classname="testCases.TC002_LoginTest" name="verify_Login" time="2.475"/>
</testsuite> <!-- testCases.TC002_LoginTest -->
