<?xml version="1.0" encoding="UTF-8"?>
<!-- Generated by org.testng.reporters.JUnitReportReporter -->
<testsuite hostname="DESKTOP-O29OAAI" failures="0" tests="1" name="testCases.TC001_AccountRegistrationTest" time="3.315" errors="0" timestamp="2024-10-29T17:47:20 IST" skipped="0">
  <testcase classname="testCases.TC001_AccountRegistrationTest" name="verify_Account_Registration" time="3.315"/>
</testsuite> <!-- testCases.TC001_AccountRegistrationTest -->
