<?xml version="1.0" encoding="UTF-8"?>
<!-- Generated by org.testng.reporters.JUnitReportReporter -->
<testsuite hostname="DESKTOP-O29OAAI" failures="0" tests="1" name="testcases.TC001_AccountRegistrationTest" time="2.973" errors="0" timestamp="2024-10-26T19:10:54 IST" skipped="0">
  <testcase classname="testcases.TC001_AccountRegistrationTest" name="verify_Account_Registration" time="2.973"/>
</testsuite> <!-- testcases.TC001_AccountRegistrationTest -->
